[Bootstrap]
SetupTitle=Install
SetupText=Copying Files, please stand by.
CabFile=ESPAN-04 V1.5.CAB
Spawn=Setup1.exe
Uninstal=st6unst.exe
TmpDir=msftqws.pdw
Cabs=1

[Bootstrap Files]
File1=@VB6STKIT.DLL,$(WinSysPathSysFile),,,6/18/41 12:00:00 AM,102912,6.0.81.69
File2=@COMCAT.DLL,$(WinSysPathSysFile),$(DLLSelfRegister),,5/31/41 12:00:00 AM,22288,4.71.1460.1
File3=@stdole2.tlb,$(WinSysPathSysFile),$(TLBRegister),,7/14/52 6:43:53 AM,16896,6.1.7600.16385
File4=@asycfilt.dll,$(WinSysPathSysFile),,,11/21/53 10:23:51 AM,67584,6.1.7601.17514
File5=@olepro32.dll,$(WinSysPathSysFile),$(DLLSelfRegister),,11/21/53 10:24:03 AM,90112,6.1.7601.17514
File6=@oleaut32.dll,$(WinSysPathSysFile),$(DLLSelfRegister),,10/28/55 4:36:13 AM,571904,6.1.7601.17676
File7=@msvbvm60.dll,$(WinSysPathSysFile),$(DLLSelfRegister),,7/14/52 8:15:50 AM,1386496,6.0.98.15

[IconGroups]
Group0=ESPAN-04 Config.
PrivateGroup0=True
Parent0=$(Programs)

[ESPAN-04 Config.]
Icon1=""ESPAN-04 V1.1.exe""
Title1=ESPAN-04 Config.
StartIn1=$(AppPath)

[Setup]
Title=ESPAN-04 Program Config.
DefaultDir=$(ProgramFiles)\ESPAN-04
AppExe=ESPAN-04 V1.5.exe
AppToUninstall=ESPAN-04 V1.5.exe

[Setup1 Files]
File1=@MDAC_TYP.EXE,$(AppPath),,$(Shared),6/26/41 12:00:00 AM,8124720,4.71.1015.0
File2=@COMDLG32.OCX,$(WinSysPath),$(DLLSelfRegister),$(Shared),6/24/41 12:00:00 AM,140096,6.0.81.69
File3=@MSCOMM32.OCX,$(WinSysPath),$(DLLSelfRegister),$(Shared),6/24/41 12:00:00 AM,103744,6.0.81.69
File4=@TABCTL32.OCX,$(WinSysPath),$(DLLSelfRegister),$(Shared),6/24/41 12:00:00 AM,209192,6.0.81.69
File5=@dao360.dll,$(WinSysPath),$(DLLSelfRegister),$(Shared),7/14/52 8:15:08 AM,610304,3.60.9756.0
File6=@EXCEL.EXE,$(AppPath),,$(Shared),3/18/54 11:10:48 PM,20767072,14.0.6024.1000
File7=@RDOCURS.DLL,$(WinSysPath),,$(Shared),6/18/41 12:00:00 AM,151552,5.0.81.69
File8=@MSRDO20.DLL,$(WinSysPath),$(DLLSelfRegister),$(Shared),6/18/41 12:00:00 AM,393216,6.0.81.69
File9=@MSCDRUN.DLL,$(CommonFiles)\Designer,$(DLLSelfRegister),$(Shared),6/18/41 12:00:00 AM,49152,6.0.81.69
File10=@msvcrt.dll,$(WinSysPathSysFile),,,10/28/55 4:45:48 AM,690688,7.0.7601.17744
File11=@scrrun.dll,$(WinSysPath),$(DLLSelfRegister),$(Shared),7/14/52 8:16:13 AM,163840,5.8.7600.16385
File12=@msado25.tlb,$(WinSysPath),,$(Shared),10/28/55 4:51:46 AM,73728,6.1.7601.17857
File13=@MSDERUN.DLL,$(CommonFiles)\designer,$(DLLSelfRegister),$(Shared),6/9/41 12:00:00 AM,137216,6.0.0.3005
File14=@MSSTDFMT.DLL,$(WinSysPath),$(DLLSelfRegister),$(Shared),6/18/41 12:00:00 AM,118784,6.0.81.69
File15=@MSDBRPTR.DLL,$(WinSysPath),$(DLLSelfRegister),$(Shared),6/18/41 12:00:00 AM,299008,6.0.81.69
File16=@ESPAN-04 V1.5.exe,$(AppPath),,$(Shared),8/18/60 3:04:47 PM,634880,1.0.0.0

; The following lines may be deleted in order to obtain extra 
; space for customizing this file on a full installation diskette.
; 
; XXXXXXXXXXXXXXXXXXXXXXXXXXXXXXXXXXXXXXXXXXXXXXXXXXXXXXXXXXXX
; XXXXXXXXXXXXXXXXXXXXXXXXXXXXXXXXXXXXXXXXXXXXXXXXXXXXXXXXXXXX
; XXXXXXXXXXXXXXXXXXXXXXXXXXXXXXXXXXXXXXXXXXXXXXXXXXXXXXXXXXXX
; XXXXXXXXXXXXXXXXXXXXXXXXXXXXXXXXXXXXXXXXXXXXXXXXXXXXXXXXXXXX
; XXXXXXXXXXXXXXXXXXXXXXXXXXXXXXXXXXXXXXXXXXXXXXXXXXXXXXXXXXXX
; XXXXXXXXXXXXXXXXXXXXXXXXXXXXXXXXXXXXXXXXXXXXXXXXXXXXXXXXXXXX
; XXXXXXXXXXXXXXXXXXXXXXXXXXXXXXXXXXXXXXXXXXXXXXXXXXXXXXXXXXXX
; XXXXXXXXXXXXXXXXXXXXXXXXXXXXXXXXXXXXXXXXXXXXXXXXXXXXXXXXXXXX
; XXXXXXXXXXXXXXXXXXXXXXXXXXXXXXXXXXXXXXXXXXXXXXXXXXXXXXXXXXXX
; XXXXXXXXXXXXXXXXXXXXXXXXXXXXXXXXXXXXXXXXXXXXXXXXXXXXXXXXXXXX
; XXXXXXXXXXXXXXXXXXXXXXXXXXXXXXXXXXXXXXXXXXXXXXXXXXXXXXXXXXXX
; XXXXXXXXXXXXXXXXXXXXXXXXXXXXXXXXXXXXXXXXXXXXXXXXXXXXXXXXXXXX
; XXXXXXXXXXXXXXXXXXXXXXXXXXXXXXXXXXXXXXXXXXXXXXXXXXXXXXXXXXXX
; XXXXXXXXXXXXXXXXXXXXXXXXXXXXXXXXXXXXXXXXXXXXXXXXXXXXXXXXXXXX
; XXXXXXXXXXXXXXXXXXXXXXXXXXXXXXXXXXXXXXXXXXXXXXXXXXXXXXXXXXXX
; XXXXXXXXXXXXXXXXXXXXXXXXXXXXXXXXXXXXXXXXXXXXXXXXXXXXXXXXXXXX
; XXXXXXXXXXXXXXXXXXXXXXXXXXXXXXXXXXXXXXXXXXXXXXXXXXXXXXXXXXXX
; XXXXXXXXXXXXXXXXXXXXXXXXXXXXXXXXXXXXXXXXXXXXXXXXXXXXXXXXXXXX
; XXXXXXXXXXXXXXXXXXXXXXXXXXXXXXXXXXXXXXXXXXXXXXXXXXXXXXXXXXXX
; XXXXXXXXXXXXXXXXXXXXXXXXXXXXXXXXXXXXXXXXXXXXXXXXXXXXXXXXXXXX
; XXXXXXXXXXXXXXXXXXXXXXXXXXXXXXXXXXXXXXXXXXXXXXXXXXXXXXXXXXXX
; XXXXXXXXXXXXXXXXXXXXXXXXXXXXXXXXXXXXXXXXXXXXXXXXXXXXXXXXXXXX
; XXXXXXXXXXXXXXXXXXXXXXXXXXXXXXXXXXXXXXXXXXXXXXXXXXXXXXXXXXXX
; XXXXXXXXXXXXXXXXXXXXXXXXXXXXXXXXXXXXXXXXXXXXXXXXXXXXXXXXXXXX
; XXXXXXXXXXXXXXXXXXXXXXXXXXXXXXXXXXXXXXXXXXXXXXXXXXXXXXXXXXXX
; XXXXXXXXXXXXXXXXXXXXXXXXXXXXXXXXXXXXXXXXXXXXXXXXXXXXXXXXXXXX
; XXXXXXXXXXXXXXXXXXXXXXXXXXXXXXXXXXXXXXXXXXXXXXXXXXXXXXXXXXXX
; XXXXXXXXXXXXXXXXXXXXXXXXXXXXXXXXXXXXXXXXXXXXXXXXXXXXXXXXXXXX
; XXXXXXXXXXXXXXXXXXXXXXXXXXXXXXXXXXXXXXXXXXXXXXXXXXXXXXXXXXXX
; XXXXXXXXXXXXXXXXXXXXXXXXXXXXXXXXXXXXXXXXXXXXXXXXXXXXXXXXXXXX
; XXXXXXXXXXXXXXXXXXXXXXXXXXXXXXXXXXXXXXXXXXXXXXXXXXXXXXXXXXXX
; XXXXXXXXXXXXXXXXXXXXXXXXXXXXXXXXXXXXXXXXXXXXXXXXXXXXXXXXXXXX
; XXXXXXXXXXXXXXXXXXXXXXXXXXXXXXXXXXXXXXXXXXXXXXXXXXXXXXXXXXXX
; XXXXXXXXXXXXXXXXXXXXXXXXXXXXXXXXXXXXXXXXXXXXXXXXXXXXXXXXXXXX
; XXXXXXXXXXXXXXXXXXXXXXXXXXXXXXXXXXXXXXXXXXXXXXXXXXXXXXXXXXXX
