Line 335: Class TabDlg.SSTab of control SSTab1 was not a loaded control class.
Line 341: The property name _ExtentX in SSTab1 is invalid.
Line 342: The property name _ExtentY in SSTab1 is invalid.
Line 343: The property name _Version in SSTab1 is invalid.
Line 344: The property name Tabs in SSTab1 is invalid.
Line 345: The property name TabsPerRow in SSTab1 is invalid.
Line 346: The property name TabHeight in SSTab1 is invalid.
Line 347: The property name TabCaption(0) in SSTab1 is invalid.
Line 348: The property name TabPicture(0) in SSTab1 is invalid.
Line 349: The property name Tab(0).ControlEnabled in SSTab1 is invalid.
Line 350: The property name Tab(0).Control(0) in SSTab1 is invalid.
Line 351: The property name Tab(0).Control(0).Enabled in SSTab1 is invalid.
Line 352: The property name Tab(0).Control(1) in SSTab1 is invalid.
Line 353: The property name Tab(0).Control(1).Enabled in SSTab1 is invalid.
Line 354: The property name Tab(0).ControlCount in SSTab1 is invalid.
Line 341: The property name _ExtentX in SSTab1 is invalid.
Line 342: The property name _ExtentY in SSTab1 is invalid.
Line 343: The property name _Version in SSTab1 is invalid.
Line 344: The property name Tabs in SSTab1 is invalid.
Line 345: The property name TabsPerRow in SSTab1 is invalid.
Line 346: The property name TabHeight in SSTab1 is invalid.
Line 347: The property name TabCaption(0) in SSTab1 is invalid.
Line 348: The property name TabPicture(0) in SSTab1 is invalid.
Line 349: The property name Tab(0).ControlEnabled in SSTab1 is invalid.
Line 350: The property name Tab(0).Control(0) in SSTab1 is invalid.
Line 351: The property name Tab(0).Control(0).Enabled in SSTab1 is invalid.
Line 352: The property name Tab(0).Control(1) in SSTab1 is invalid.
Line 353: The property name Tab(0).Control(1).Enabled in SSTab1 is invalid.
Line 354: The property name Tab(0).ControlCount in SSTab1 is invalid.
